2023.10.06 13:03:48 INFO  Started: Metals version 1.0.1 in folders '/home/hafsa/100DaysOfCHISEL' for client Visual Studio Code 1.81.0.
Oct 06, 2023 1:03:49 PM org.flywaydb.core.internal.license.VersionPrinter printVersionOnly
INFO: Flyway Community Edition 9.21.2 by Redgate
Oct 06, 2023 1:03:49 PM org.flywaydb.core.internal.license.VersionPrinter printVersion
INFO: See release notes here: https://rd.gt/416ObMi
Oct 06, 2023 1:03:49 PM org.flywaydb.core.internal.license.VersionPrinter printVersion
INFO: 
Oct 06, 2023 1:03:50 PM org.flywaydb.core.FlywayExecutor execute
INFO: Database: jdbc:h2:file:/home/hafsa/100DaysOfCHISEL/.metals/metals (H2 2.1)
Oct 06, 2023 1:03:50 PM org.flywaydb.core.internal.schemahistory.JdbcTableSchemaHistory allAppliedMigrations
INFO: Schema history table "PUBLIC"."flyway_schema_history" does not exist yet
Oct 06, 2023 1:03:50 PM org.flywaydb.core.internal.command.DbValidate validate
INFO: Successfully validated 4 migrations (execution time 00:00.109s)
Oct 06, 2023 1:03:50 PM org.flywaydb.core.internal.schemahistory.JdbcTableSchemaHistory create
INFO: Creating Schema History table "PUBLIC"."flyway_schema_history" ...
Oct 06, 2023 1:03:50 PM org.flywaydb.core.internal.command.DbMigrate migrateGroup
INFO: Current version of schema "PUBLIC": << Empty Schema >>
Oct 06, 2023 1:03:50 PM org.flywaydb.core.internal.command.DbMigrate doMigrateGroup
INFO: Migrating schema "PUBLIC" to version "1 - Create tables"
Oct 06, 2023 1:03:50 PM org.flywaydb.core.internal.command.DbMigrate doMigrateGroup
INFO: Migrating schema "PUBLIC" to version "2 - Server discovery"
Oct 06, 2023 1:03:50 PM org.flywaydb.core.internal.command.DbMigrate doMigrateGroup
INFO: Migrating schema "PUBLIC" to version "3 - Jar symbols"
Oct 06, 2023 1:03:50 PM org.flywaydb.core.internal.command.DbMigrate doMigrateGroup
INFO: Migrating schema "PUBLIC" to version "4 - Fingerprints"
Oct 06, 2023 1:03:50 PM org.flywaydb.core.internal.command.DbMigrate logSummary
INFO: Successfully applied 4 migrations to schema "PUBLIC", now at version v4 (execution time 00:00.062s)
2023.10.06 13:03:50 INFO  time: initialize in 2.34s
2023.10.06 13:03:55 WARN  Build server is not auto-connectable.
2023.10.06 13:04:01 WARN  no build target for: /home/hafsa/100DaysOfCHISEL/src/main/scala/day26/branch_control.scala
2023.10.06 13:04:12 INFO  no build target found for /home/hafsa/100DaysOfCHISEL/src/main/scala/day26/branch_control.scala. Using presentation compiler with project's scala-library version: 3.3.0
Oct 06, 2023 1:04:13 PM org.eclipse.lsp4j.jsonrpc.RemoteEndpoint handleCancellation
WARNING: Unmatched cancel notification for request id 5
Oct 06, 2023 1:04:13 PM org.eclipse.lsp4j.jsonrpc.RemoteEndpoint handleCancellation
WARNING: Unmatched cancel notification for request id 6
2023.10.06 13:04:14 WARN  no build target for: /home/hafsa/100DaysOfCHISEL/src/test/scala/day26/branch_controlTest.scala
2023.10.06 13:04:18 WARN  no build target for: /home/hafsa/100DaysOfCHISEL/src/main/scala/day26/branch_control.scala
2023.10.06 13:04:20 INFO  time: code lens generation in 1.93s
2023.10.06 13:04:20 INFO  time: code lens generation in 5.68s
2023.10.06 13:04:20 INFO  time: code lens generation in 7.2s
2023.10.06 13:05:37 WARN  no build target for: /home/hafsa/100DaysOfCHISEL/src/test/scala/day26/branch_controlTest.scala
2023.10.06 13:05:58 INFO  skipping build import with status 'Dismissed'
2023.10.06 13:06:36 WARN  no build target for: /home/hafsa/100DaysOfCHISEL/src/test/scala/day26/branch_controlTest.scala
2023.10.06 13:06:36 WARN  no build target for: /home/hafsa/100DaysOfCHISEL/src/test/scala/day26/branch_controlTest.scala
Exception in thread "pool-3-thread-1" java.lang.InterruptedException
	at scala.meta.internal.metals.FutureCancelToken.checkCanceled(FutureCancelToken.scala:29)
	at scala.meta.internal.pc.CompilerAccess.onCompilerJobQueue$$anonfun$1(CompilerAccess.scala:229)
	at scala.meta.internal.pc.CompilerJobQueue$Job.run(CompilerJobQueue.scala:152)
	at java.base/java.util.concurrent.ThreadPoolExecutor.runWorker(ThreadPoolExecutor.java:1128)
	at java.base/java.util.concurrent.ThreadPoolExecutor$Worker.run(ThreadPoolExecutor.java:628)
	at java.base/java.lang.Thread.run(Thread.java:829)
